2020-12-13 16:42:02,410 [Worker-0: Loading available Gradle versions] INFO  o.e.b.c.i.u.g.PublishedGradleVersions - Gradle version information cache is up-to-date. Trying to read.
2020-12-13 16:42:35,030 [Worker-12: Importing Maven projects] INFO  o.e.m.c.i.l.LifecycleMappingFactory - Using org.maven.ide.eclipse.wtp.WarLifecycleMapping lifecycle mapping for MavenProject: br.ufscar.dc.dsw:Livraria:1.0-SNAPSHOT @ /Users/pedroapolloni/Desktop/Professor/Livraria-v4/pom.xml.
2020-12-13 16:42:40,403 [Worker-12: Importing Maven projects] INFO  o.e.m.j.i.AbstractJavaProjectConfigurator - Adding source folder /Livraria/src/main/java
2020-12-13 16:42:40,405 [Worker-12: Importing Maven projects] INFO  o.e.m.j.i.AbstractJavaProjectConfigurator - Adding resource folder /Livraria/src/main/resources
2020-12-13 16:42:40,408 [Worker-12: Importing Maven projects] INFO  o.e.m.j.i.AbstractJavaProjectConfigurator - Adding source folder /Livraria/src/test/java
2020-12-13 16:42:43,071 [Worker-12: Importing Maven projects] INFO  o.e.m.c.i.p.ProjectConfigurationManager - Imported and configured 1 project(s) in 16 sec
2020-12-13 16:42:48,038 [Worker-3: Discover lifecycle mappings] INFO  o.e.m.i.discovery.MavenDiscovery - No lifecyle mapping found at jar:file:/var/folders/jl/1zpfpcqs2677qbg1tgn_gskr0000gn/T/RemoteBundleDiscoveryStrategy1924130325141676713.tmp/org.eclipse.m2e.discovery.oss_catalog_1.13.jar_9819738509652722970.jar!/lifecycle%2Forg.eclipse.m2e.discovery.lifecyclemapping.m2e-wtp.xml
2020-12-13 16:42:48,039 [Worker-3: Discover lifecycle mappings] WARN  o.e.m.i.discovery.MavenDiscovery - CatalogItem org.eclipse.m2e.discovery.lifecyclemapping.m2e-wtp does not contain lifecycle mapping metadata
2020-12-13 16:42:48,041 [Worker-3: Discover lifecycle mappings] INFO  o.e.m.i.discovery.MavenDiscovery - No lifecyle mapping found at jar:file:/var/folders/jl/1zpfpcqs2677qbg1tgn_gskr0000gn/T/RemoteBundleDiscoveryStrategy1924130325141676713.tmp/org.eclipse.m2e.discovery.oss_catalog_1.13.jar_9819738509652722970.jar!/lifecycle%2Forg.eclipse.m2e.discovery.lifecyclemapping.m2e-egit.xml
2020-12-13 16:42:48,042 [Worker-3: Discover lifecycle mappings] WARN  o.e.m.i.discovery.MavenDiscovery - CatalogItem org.eclipse.m2e.discovery.lifecyclemapping.m2e-egit does not contain lifecycle mapping metadata
2020-12-13 16:42:48,043 [Worker-3: Discover lifecycle mappings] INFO  o.e.m.i.discovery.MavenDiscovery - No lifecyle mapping found at jar:file:/var/folders/jl/1zpfpcqs2677qbg1tgn_gskr0000gn/T/RemoteBundleDiscoveryStrategy1924130325141676713.tmp/org.eclipse.m2e.discovery.oss_catalog_1.13.jar_9819738509652722970.jar!/lifecycle%2Forg.eclipse.m2e.discovery.lifecyclemapping.m2e-subversive.xml
2020-12-13 16:42:48,044 [Worker-3: Discover lifecycle mappings] WARN  o.e.m.i.discovery.MavenDiscovery - CatalogItem org.eclipse.m2e.discovery.lifecyclemapping.m2e-subversive does not contain lifecycle mapping metadata
2020-12-13 16:42:48,073 [Worker-3: Discover lifecycle mappings] INFO  o.e.m.i.discovery.MavenDiscovery - No lifecyle mapping found at jar:file:/var/folders/jl/1zpfpcqs2677qbg1tgn_gskr0000gn/T/RemoteBundleDiscoveryStrategy1924130325141676713.tmp/org.eclipse.m2e.discovery.oss_catalog_1.13.jar_9819738509652722970.jar!/lifecycle%2Forg.eclipse.m2e.discovery.extras.m2e-chromatic.xml
2020-12-13 16:42:48,074 [Worker-3: Discover lifecycle mappings] WARN  o.e.m.i.discovery.MavenDiscovery - CatalogItem org.eclipse.m2e.discovery.extras.m2e-chromatic does not contain lifecycle mapping metadata
2020-12-13 16:42:51,336 [Worker-0: Building] INFO  o.e.m.c.i.embedder.EclipseLogger - Using 'UTF-8' encoding to copy filtered resources.
2020-12-13 16:42:51,368 [Worker-0: Building] INFO  o.e.m.c.i.embedder.EclipseLogger - Copying 2 resources
2020-12-13 16:42:51,428 [Worker-0: Building] INFO  o.e.m.c.i.embedder.EclipseLogger - Using 'UTF-8' encoding to copy filtered resources.
2020-12-13 16:42:51,429 [Worker-0: Building] INFO  o.e.m.c.i.embedder.EclipseLogger - skip non existing resourceDirectory /Users/pedroapolloni/Desktop/Professor/Livraria-v4/src/test/resources
2020-12-13 16:47:11,912 [Worker-0: Building] INFO  o.e.m.c.i.embedder.EclipseLogger - Using 'UTF-8' encoding to copy filtered resources.
2020-12-13 16:47:11,935 [Worker-0: Building] INFO  o.e.m.c.i.embedder.EclipseLogger - Copying 2 resources
2020-12-13 16:47:11,937 [Worker-0: Building] INFO  o.e.m.c.i.embedder.EclipseLogger - Using 'UTF-8' encoding to copy filtered resources.
2020-12-13 16:47:11,938 [Worker-0: Building] INFO  o.e.m.c.i.embedder.EclipseLogger - skip non existing resourceDirectory /Users/pedroapolloni/Desktop/Professor/Livraria-v4/src/test/resources
2020-12-13 17:13:22,388 [Worker-1: Loading available Gradle versions] INFO  o.e.b.c.i.u.g.PublishedGradleVersions - Gradle version information cache is up-to-date. Trying to read.
